[2026-04-10T08:22:34.569Z] [INFO] Starting Car Rental Backend...
[2026-04-10T08:22:34.605Z] [ERROR] FATAL: Cannot connect to blockchain. Start Hardhat node first.
[2026-04-10T08:22:34.605Z] [ERROR] Run: npx hardhat node
[2026-04-10T08:41:04.198Z] [INFO] Starting Car Rental Backend...
[2026-04-10T10:40:52.477Z] [INFO] Starting Car Rental Backend...
[2026-04-10T10:40:52.509Z] [ERROR] FATAL: Bootstrap failed. Cannot reach blockchain node at http://127.0.0.1:8545. Run: npx hardhat node
[2026-04-10T10:40:52.509Z] [ERROR] Run: npx hardhat node
[2026-04-10T10:49:23.440Z] [INFO] Starting Car Rental Backend...
[2026-04-10T10:49:23.496Z] [INFO] Compiling CarRental.sol...
[2026-04-10T10:49:26.013Z] [ERROR] Compilation failed | {"error":"Command failed: npx hardhat compile\n\u001b[31m\u001b[1mError\u001b[22m\u001b[39m \u001b[31m\u001b[1mHH502:\u001b[22m\u001b[39m Couldn't download compiler version list. Please check your internet connection and try again.\nFor more info go to https://v2.hardhat.org/HH502 or run Hardhat with --show-stack-traces\n"}
[2026-04-10T10:49:26.015Z] [ERROR] FATAL: Bootstrap failed. Contract compilation failed: Command failed: npx hardhat compile
[31m[1mError[22m[39m [31m[1mHH502:[22m[39m Couldn't download compiler version list. Please check your internet connection and try again.
For more info go to https://v2.hardhat.org/HH502 or run Hardhat with --show-stack-traces

[2026-04-10T10:49:26.017Z] [ERROR] Run: npx hardhat node
[2026-04-10T10:49:35.371Z] [INFO] Starting Car Rental Backend...
[2026-04-10T10:49:35.426Z] [INFO] Compiling CarRental.sol...
[2026-04-10T10:49:37.885Z] [ERROR] Compilation failed | {"error":"Command failed: npx hardhat compile\n\u001b[31m\u001b[1mError\u001b[22m\u001b[39m \u001b[31m\u001b[1mHH502:\u001b[22m\u001b[39m Couldn't download compiler version list. Please check your internet connection and try again.\nFor more info go to https://v2.hardhat.org/HH502 or run Hardhat with --show-stack-traces\n"}
[2026-04-10T10:49:37.886Z] [ERROR] FATAL: Bootstrap failed. Contract compilation failed: Command failed: npx hardhat compile
[31m[1mError[22m[39m [31m[1mHH502:[22m[39m Couldn't download compiler version list. Please check your internet connection and try again.
For more info go to https://v2.hardhat.org/HH502 or run Hardhat with --show-stack-traces

[2026-04-10T10:49:37.887Z] [ERROR] Run: npx hardhat node
[2026-04-10T11:00:04.210Z] [INFO] Starting Car Rental Backend...
[2026-04-10T11:00:04.260Z] [INFO] Compiling CarRental.sol...
[2026-04-10T11:00:06.769Z] [INFO] Contract compiled successfully
[2026-04-10T11:00:06.772Z] [INFO] ABI updated from compiled artifact
[2026-04-10T11:00:06.775Z] [INFO] Deploying CarRental contract...
[2026-04-10T11:00:06.813Z] [INFO] Backend wallet (authorized signer): | {"address":"0xf39Fd6e51aad88F6F4ce6aB8827279cffFb92266"}
[2026-04-10T11:00:07.199Z] [INFO] Contract deployed | {"contractAddress":"0xCf7Ed3AccA5a467e9e704C703E8D87F634fB0Fc9","authorizedBackend":"0xf39Fd6e51aad88F6F4ce6aB8827279cffFb92266","deployedAt":"2026-04-10T11:00:07.162Z","network":"unknown","chainId":31337}
[2026-04-10T11:00:07.204Z] [INFO] Blockchain event listeners active
[2026-04-10T11:00:07.272Z] [INFO] Backend server running on http://localhost:5000
[2026-04-10T11:00:07.275Z] [INFO] Environment: development
[2026-04-10T11:00:07.285Z] [INFO] Blockchain: unknown (chainId: 31337)
[2026-04-10T11:00:07.287Z] [INFO] API endpoints:
[2026-04-10T11:00:07.293Z] [INFO]   GET  /health
[2026-04-10T11:00:07.294Z] [INFO]   GET  /api/cars
[2026-04-10T11:00:07.295Z] [INFO]   GET  /api/cars/:id/quote
[2026-04-10T11:00:07.295Z] [INFO]   POST /api/reservations
[2026-04-10T11:00:07.296Z] [INFO]   GET  /api/reservations/chain
[2026-04-10T11:00:07.297Z] [INFO]   GET  /api/blockchain/status
[2026-04-10T11:00:07.298Z] [INFO]   GET  /api/blockchain/balance/:address
[2026-04-10T11:00:07.300Z] [INFO]   POST /api/users/auth
[2026-04-10T11:00:07.301Z] [INFO]   GET  /api/analytics
[2026-04-10T11:00:07.303Z] [INFO]   GET  /api/pricing/quote
[2026-04-10T11:06:58.373Z] [INFO] Starting Car Rental Backend...
[2026-04-10T11:06:58.409Z] [INFO] Compiling CarRental.sol...
[2026-04-10T11:07:00.771Z] [INFO] Contract compiled successfully
[2026-04-10T11:07:00.773Z] [INFO] ABI updated from compiled artifact
[2026-04-10T11:07:00.773Z] [INFO] Deploying CarRental contract...
[2026-04-10T11:07:00.810Z] [INFO] Backend wallet (authorized signer): | {"address":"0xf39Fd6e51aad88F6F4ce6aB8827279cffFb92266"}
[2026-04-10T11:07:00.995Z] [INFO] Contract deployed | {"contractAddress":"0xe7f1725E7734CE288F8367e1Bb143E90bb3F0512","authorizedBackend":"0xf39Fd6e51aad88F6F4ce6aB8827279cffFb92266","deployedAt":"2026-04-10T11:07:00.994Z","network":"unknown","chainId":31337}
[2026-04-10T11:07:00.997Z] [INFO] Blockchain event listeners active
[2026-04-10T11:07:01.010Z] [INFO] Backend server running on http://localhost:5000
[2026-04-10T11:07:01.011Z] [INFO] Environment: development
[2026-04-10T11:07:01.011Z] [INFO] Blockchain: unknown (chainId: 31337)
[2026-04-10T11:07:01.011Z] [INFO] API endpoints:
[2026-04-10T11:07:01.012Z] [INFO]   GET  /health
[2026-04-10T11:07:01.012Z] [INFO]   GET  /api/cars
[2026-04-10T11:07:01.012Z] [INFO]   GET  /api/cars/:id/quote
[2026-04-10T11:07:01.013Z] [INFO]   POST /api/reservations
[2026-04-10T11:07:01.013Z] [INFO]   GET  /api/reservations/chain
[2026-04-10T11:07:01.013Z] [INFO]   GET  /api/blockchain/status
[2026-04-10T11:07:01.014Z] [INFO]   GET  /api/blockchain/balance/:address
[2026-04-10T11:07:01.014Z] [INFO]   POST /api/users/auth
[2026-04-10T11:07:01.014Z] [INFO]   GET  /api/analytics
[2026-04-10T11:07:01.015Z] [INFO]   GET  /api/pricing/quote
[2026-04-17T13:29:34.121Z] [INFO] Starting Car Rental Backend...
[2026-04-17T13:29:34.160Z] [ERROR] FATAL: Bootstrap failed. Cannot reach blockchain node at http://127.0.0.1:8545. Run: npx hardhat node
[2026-04-17T13:29:34.161Z] [ERROR] Run: npx hardhat node
[2026-04-17T13:29:44.447Z] [INFO] Starting Car Rental Backend...
[2026-04-17T13:29:44.485Z] [ERROR] FATAL: Bootstrap failed. Cannot reach blockchain node at http://127.0.0.1:8545. Run: npx hardhat node
[2026-04-17T13:29:44.486Z] [ERROR] Run: npx hardhat node
[2026-04-17T13:52:32.062Z] [INFO] Starting Car Rental Backend...
[2026-04-17T13:52:32.127Z] [ERROR] FATAL: Bootstrap failed. Cannot reach blockchain node at http://127.0.0.1:8545. Run: npx hardhat node
[2026-04-17T13:52:32.128Z] [ERROR] Run: npx hardhat node
[2026-04-17T13:53:14.794Z] [INFO] Starting Car Rental Backend...
[2026-04-17T13:53:17.960Z] [INFO] Server running on http://localhost:5000
[2026-04-17T13:53:17.960Z] [INFO] Environment: development
[2026-04-17T13:53:17.961Z] [INFO] Blockchain: unknown (chainId: 31337)
[2026-04-17T13:53:17.963Z] [INFO] Contract: 0x5FbDB2315678afecb367f032d93F642f64180aa3
[2026-04-17T13:53:17.964Z] [INFO] ─── API Routes ───────────────────────────────────────
[2026-04-17T13:53:17.964Z] [INFO]   GET    /health
[2026-04-17T13:53:17.965Z] [INFO]   GET    /api/status
[2026-04-17T13:53:17.965Z] [INFO]   ── Cars ──
[2026-04-17T13:53:17.966Z] [INFO]   GET    /api/cars
[2026-04-17T13:53:17.966Z] [INFO]   GET    /api/cars/:id/quote
[2026-04-17T13:53:17.967Z] [INFO]   GET    /api/cars/prices
[2026-04-17T13:53:17.967Z] [INFO]   ── Reservations ──
[2026-04-17T13:53:17.968Z] [INFO]   POST   /api/reservations
[2026-04-17T13:53:17.968Z] [INFO]   PATCH  /api/reservations/:id/confirm
[2026-04-17T13:53:17.969Z] [INFO]   DELETE /api/reservations/:id
[2026-04-17T13:53:17.970Z] [INFO]   GET    /api/reservations/chain
[2026-04-17T13:53:17.972Z] [INFO]   ── Contract (direct chain calls) ──
[2026-04-17T13:53:17.974Z] [INFO]   GET    /api/contract/info
[2026-04-17T13:53:17.974Z] [INFO]   GET    /api/contract/count
[2026-04-17T13:53:17.975Z] [INFO]   GET    /api/contract/reservation/:id
[2026-04-17T13:53:17.976Z] [INFO]   POST   /api/contract/book
[2026-04-17T13:53:17.976Z] [INFO]   POST   /api/contract/confirm/:id
[2026-04-17T13:53:17.977Z] [INFO]   POST   /api/contract/cancel/:id
[2026-04-17T13:53:17.978Z] [INFO]   ── Blockchain ──
[2026-04-17T13:53:17.978Z] [INFO]   GET    /api/blockchain/status
[2026-04-17T13:53:17.979Z] [INFO]   GET    /api/blockchain/balance/:address
[2026-04-17T13:53:17.979Z] [INFO]   GET    /api/blockchain/tx/:hash
[2026-04-17T13:53:17.980Z] [INFO]   GET    /api/blockchain/events
[2026-04-17T13:53:17.980Z] [INFO]   ── Wallet ──
[2026-04-17T13:53:17.981Z] [INFO]   GET    /api/wallet/:address/balance
[2026-04-17T13:53:17.981Z] [INFO]   GET    /api/wallet/:address/nonce
[2026-04-17T13:53:17.982Z] [INFO]   GET    /api/wallet/:address/history
[2026-04-17T13:53:17.982Z] [INFO]   POST   /api/wallet/validate
[2026-04-17T13:53:17.983Z] [INFO]   POST   /api/wallet/estimate-transfer
[2026-04-17T13:53:17.983Z] [INFO]   ── Gas ──
[2026-04-17T13:53:17.984Z] [INFO]   GET    /api/gas/price
[2026-04-17T13:53:17.984Z] [INFO]   POST   /api/gas/estimate
[2026-04-17T13:53:17.987Z] [INFO]   POST   /api/gas/estimate/batch
[2026-04-17T13:53:17.989Z] [INFO]   ── Payments ──
[2026-04-17T13:53:17.990Z] [INFO]   POST   /api/payments/verify
[2026-04-17T13:53:17.999Z] [INFO]   GET    /api/payments/revenue
[2026-04-17T13:53:18.000Z] [INFO]   GET    /api/payments/reservation/:id
[2026-04-17T13:53:18.001Z] [INFO]   ── Events ──
[2026-04-17T13:53:18.001Z] [INFO]   GET    /api/events
[2026-04-17T13:53:18.007Z] [INFO]   GET    /api/events/latest
[2026-04-17T13:53:18.007Z] [INFO]   GET    /api/events/types
[2026-04-17T13:53:18.008Z] [INFO]   GET    /api/events/query
[2026-04-17T13:53:18.008Z] [INFO]   ── Notifications (SSE) ──
[2026-04-17T13:53:18.009Z] [INFO]   GET    /api/notifications/subscribe/:address
[2026-04-17T13:53:18.009Z] [INFO]   GET    /api/notifications/stats
[2026-04-17T13:53:18.010Z] [INFO]   ── Users ──
[2026-04-17T13:53:18.010Z] [INFO]   POST   /api/users/auth
[2026-04-17T13:53:18.011Z] [INFO]   GET    /api/users/:address
[2026-04-17T13:53:18.011Z] [INFO]   ── Analytics ──
[2026-04-17T13:53:18.012Z] [INFO]   GET    /api/analytics
[2026-04-17T13:53:18.012Z] [INFO]   GET    /api/analytics/cars
[2026-04-17T13:53:18.013Z] [INFO]   ── Pricing ──
[2026-04-17T13:53:18.013Z] [INFO]   GET    /api/pricing/quote
[2026-04-17T13:53:18.014Z] [INFO]   GET    /api/pricing/all
[2026-04-17T13:53:18.014Z] [INFO] ─────────────────────────────────────────────────────
[2026-04-17T19:25:28.722Z] [INFO] Starting Car Rental Backend...
[2026-04-17T19:25:33.197Z] [INFO] Server running on http://localhost:5000
[2026-04-17T19:25:33.197Z] [INFO] Environment: development
[2026-04-17T19:25:33.198Z] [INFO] Blockchain: unknown (chainId: 31337)
[2026-04-17T19:25:33.198Z] [INFO] Contract: 0x5FbDB2315678afecb367f032d93F642f64180aa3
[2026-04-17T19:25:33.198Z] [INFO] ─── API Routes ───────────────────────────────────────
[2026-04-17T19:25:33.199Z] [INFO]   GET    /health
[2026-04-17T19:25:33.199Z] [INFO]   GET    /api/status
[2026-04-17T19:25:33.199Z] [INFO]   ── Cars ──
[2026-04-17T19:25:33.200Z] [INFO]   GET    /api/cars
[2026-04-17T19:25:33.200Z] [INFO]   GET    /api/cars/:id/quote
[2026-04-17T19:25:33.200Z] [INFO]   GET    /api/cars/prices
[2026-04-17T19:25:33.200Z] [INFO]   ── Reservations ──
[2026-04-17T19:25:33.201Z] [INFO]   POST   /api/reservations
[2026-04-17T19:25:33.201Z] [INFO]   PATCH  /api/reservations/:id/confirm
[2026-04-17T19:25:33.202Z] [INFO]   DELETE /api/reservations/:id
[2026-04-17T19:25:33.202Z] [INFO]   GET    /api/reservations/chain
[2026-04-17T19:25:33.203Z] [INFO]   ── Contract (direct chain calls) ──
[2026-04-17T19:25:33.203Z] [INFO]   GET    /api/contract/info
[2026-04-17T19:25:33.204Z] [INFO]   GET    /api/contract/count
[2026-04-17T19:25:33.204Z] [INFO]   GET    /api/contract/reservation/:id
[2026-04-17T19:25:33.204Z] [INFO]   POST   /api/contract/book
[2026-04-17T19:25:33.205Z] [INFO]   POST   /api/contract/confirm/:id
[2026-04-17T19:25:33.205Z] [INFO]   POST   /api/contract/cancel/:id
[2026-04-17T19:25:33.205Z] [INFO]   ── Blockchain ──
[2026-04-17T19:25:33.205Z] [INFO]   GET    /api/blockchain/status
[2026-04-17T19:25:33.206Z] [INFO]   GET    /api/blockchain/balance/:address
[2026-04-17T19:25:33.206Z] [INFO]   GET    /api/blockchain/tx/:hash
[2026-04-17T19:25:33.206Z] [INFO]   GET    /api/blockchain/events
[2026-04-17T19:25:33.206Z] [INFO]   ── Wallet ──
[2026-04-17T19:25:33.207Z] [INFO]   GET    /api/wallet/:address/balance
[2026-04-17T19:25:33.207Z] [INFO]   GET    /api/wallet/:address/nonce
[2026-04-17T19:25:33.207Z] [INFO]   GET    /api/wallet/:address/history
[2026-04-17T19:25:33.207Z] [INFO]   POST   /api/wallet/validate
[2026-04-17T19:25:33.208Z] [INFO]   POST   /api/wallet/estimate-transfer
[2026-04-17T19:25:33.208Z] [INFO]   ── Gas ──
[2026-04-17T19:25:33.208Z] [INFO]   GET    /api/gas/price
[2026-04-17T19:25:33.209Z] [INFO]   POST   /api/gas/estimate
[2026-04-17T19:25:33.209Z] [INFO]   POST   /api/gas/estimate/batch
[2026-04-17T19:25:33.209Z] [INFO]   ── Payments ──
[2026-04-17T19:25:33.210Z] [INFO]   POST   /api/payments/verify
[2026-04-17T19:25:33.210Z] [INFO]   GET    /api/payments/revenue
[2026-04-17T19:25:33.210Z] [INFO]   GET    /api/payments/reservation/:id
[2026-04-17T19:25:33.210Z] [INFO]   GET    /api/payments/fee
[2026-04-17T19:25:33.211Z] [INFO]   GET    /api/payments/contract-balance
[2026-04-17T19:25:33.211Z] [INFO]   GET    /api/payments/chain/:reservationId
[2026-04-17T19:25:33.211Z] [INFO]   POST   /api/payments/fee
[2026-04-17T19:25:33.211Z] [INFO]   POST   /api/payments/withdraw
[2026-04-17T19:25:33.212Z] [INFO]   ── Disputes ──
[2026-04-17T19:25:33.212Z] [INFO]   POST   /api/disputes/:reservationId/raise
[2026-04-17T19:25:33.212Z] [INFO]   POST   /api/disputes/:reservationId/resolve
[2026-04-17T19:25:33.213Z] [INFO]   GET    /api/disputes/:reservationId
[2026-04-17T19:25:33.213Z] [INFO]   ── Events ──
[2026-04-17T19:25:33.213Z] [INFO]   GET    /api/events
[2026-04-17T19:25:33.213Z] [INFO]   GET    /api/events/latest
[2026-04-17T19:25:33.214Z] [INFO]   GET    /api/events/types
[2026-04-17T19:25:33.214Z] [INFO]   GET    /api/events/query
[2026-04-17T19:25:33.214Z] [INFO]   ── Notifications (SSE) ──
[2026-04-17T19:25:33.214Z] [INFO]   GET    /api/notifications/subscribe/:address
[2026-04-17T19:25:33.215Z] [INFO]   GET    /api/notifications/stats
[2026-04-17T19:25:33.215Z] [INFO]   ── Users ──
[2026-04-17T19:25:33.215Z] [INFO]   POST   /api/users/auth
[2026-04-17T19:25:33.216Z] [INFO]   GET    /api/users/:address
[2026-04-17T19:25:33.216Z] [INFO]   ── Analytics ──
[2026-04-17T19:25:33.216Z] [INFO]   GET    /api/analytics
[2026-04-17T19:25:33.216Z] [INFO]   GET    /api/analytics/cars
[2026-04-17T19:25:33.217Z] [INFO]   ── Pricing ──
[2026-04-17T19:25:33.217Z] [INFO]   GET    /api/pricing/quote
[2026-04-17T19:25:33.217Z] [INFO]   GET    /api/pricing/all
[2026-04-17T19:25:33.218Z] [INFO] ─────────────────────────────────────────────────────
[2026-04-17T19:36:27.424Z] [INFO] SIGINT received, shutting down...
[2026-04-17T19:36:34.954Z] [INFO] Starting Car Rental Backend...
[2026-04-17T19:36:37.368Z] [INFO] Server running on http://localhost:5000
[2026-04-17T19:36:37.369Z] [INFO] Environment: development
[2026-04-17T19:36:37.369Z] [INFO] Blockchain: unknown (chainId: 31337)
[2026-04-17T19:36:37.370Z] [INFO] Contract: 0xCf7Ed3AccA5a467e9e704C703E8D87F634fB0Fc9
[2026-04-17T19:36:37.370Z] [INFO] ─── API Routes ───────────────────────────────────────
[2026-04-17T19:36:37.371Z] [INFO]   GET    /health
[2026-04-17T19:36:37.371Z] [INFO]   GET    /api/status
[2026-04-17T19:36:37.371Z] [INFO]   ── Cars ──
[2026-04-17T19:36:37.372Z] [INFO]   GET    /api/cars
[2026-04-17T19:36:37.372Z] [INFO]   GET    /api/cars/:id/quote
[2026-04-17T19:36:37.373Z] [INFO]   GET    /api/cars/prices
[2026-04-17T19:36:37.373Z] [INFO]   ── Reservations ──
[2026-04-17T19:36:37.373Z] [INFO]   POST   /api/reservations
[2026-04-17T19:36:37.374Z] [INFO]   PATCH  /api/reservations/:id/confirm
[2026-04-17T19:36:37.374Z] [INFO]   DELETE /api/reservations/:id
[2026-04-17T19:36:37.374Z] [INFO]   GET    /api/reservations/chain
[2026-04-17T19:36:37.375Z] [INFO]   ── Contract (direct chain calls) ──
[2026-04-17T19:36:37.375Z] [INFO]   GET    /api/contract/info
[2026-04-17T19:36:37.375Z] [INFO]   GET    /api/contract/count
[2026-04-17T19:36:37.375Z] [INFO]   GET    /api/contract/reservation/:id
[2026-04-17T19:36:37.376Z] [INFO]   POST   /api/contract/book
[2026-04-17T19:36:37.376Z] [INFO]   POST   /api/contract/confirm/:id
[2026-04-17T19:36:37.376Z] [INFO]   POST   /api/contract/cancel/:id
[2026-04-17T19:36:37.376Z] [INFO]   ── Blockchain ──
[2026-04-17T19:36:37.377Z] [INFO]   GET    /api/blockchain/status
[2026-04-17T19:36:37.377Z] [INFO]   GET    /api/blockchain/balance/:address
[2026-04-17T19:36:37.377Z] [INFO]   GET    /api/blockchain/tx/:hash
[2026-04-17T19:36:37.377Z] [INFO]   GET    /api/blockchain/events
[2026-04-17T19:36:37.378Z] [INFO]   ── Wallet ──
[2026-04-17T19:36:37.378Z] [INFO]   GET    /api/wallet/:address/balance
[2026-04-17T19:36:37.378Z] [INFO]   GET    /api/wallet/:address/nonce
[2026-04-17T19:36:37.378Z] [INFO]   GET    /api/wallet/:address/history
[2026-04-17T19:36:37.378Z] [INFO]   POST   /api/wallet/validate
[2026-04-17T19:36:37.379Z] [INFO]   POST   /api/wallet/estimate-transfer
[2026-04-17T19:36:37.379Z] [INFO]   ── Gas ──
[2026-04-17T19:36:37.379Z] [INFO]   GET    /api/gas/price
[2026-04-17T19:36:37.379Z] [INFO]   POST   /api/gas/estimate
[2026-04-17T19:36:37.379Z] [INFO]   POST   /api/gas/estimate/batch
[2026-04-17T19:36:37.379Z] [INFO]   ── Payments ──
[2026-04-17T19:36:37.380Z] [INFO]   POST   /api/payments/verify
[2026-04-17T19:36:37.380Z] [INFO]   GET    /api/payments/revenue
[2026-04-17T19:36:37.380Z] [INFO]   GET    /api/payments/reservation/:id
[2026-04-17T19:36:37.380Z] [INFO]   GET    /api/payments/fee
[2026-04-17T19:36:37.381Z] [INFO]   GET    /api/payments/contract-balance
[2026-04-17T19:36:37.381Z] [INFO]   GET    /api/payments/chain/:reservationId
[2026-04-17T19:36:37.381Z] [INFO]   POST   /api/payments/fee
[2026-04-17T19:36:37.381Z] [INFO]   POST   /api/payments/withdraw
[2026-04-17T19:36:37.382Z] [INFO]   ── Disputes ──
[2026-04-17T19:36:37.382Z] [INFO]   POST   /api/disputes/:reservationId/raise
[2026-04-17T19:36:37.382Z] [INFO]   POST   /api/disputes/:reservationId/resolve
[2026-04-17T19:36:37.382Z] [INFO]   GET    /api/disputes/:reservationId
[2026-04-17T19:36:37.383Z] [INFO]   ── Events ──
[2026-04-17T19:36:37.383Z] [INFO]   GET    /api/events
[2026-04-17T19:36:37.383Z] [INFO]   GET    /api/events/latest
[2026-04-17T19:36:37.383Z] [INFO]   GET    /api/events/types
[2026-04-17T19:36:37.383Z] [INFO]   GET    /api/events/query
[2026-04-17T19:36:37.383Z] [INFO]   ── Notifications (SSE) ──
[2026-04-17T19:36:37.384Z] [INFO]   GET    /api/notifications/subscribe/:address
[2026-04-17T19:36:37.384Z] [INFO]   GET    /api/notifications/stats
[2026-04-17T19:36:37.384Z] [INFO]   ── Users ──
[2026-04-17T19:36:37.384Z] [INFO]   POST   /api/users/auth
[2026-04-17T19:36:37.385Z] [INFO]   GET    /api/users/:address
[2026-04-17T19:36:37.385Z] [INFO]   ── Analytics ──
[2026-04-17T19:36:37.385Z] [INFO]   GET    /api/analytics
[2026-04-17T19:36:37.385Z] [INFO]   GET    /api/analytics/cars
[2026-04-17T19:36:37.385Z] [INFO]   ── Pricing ──
[2026-04-17T19:36:37.385Z] [INFO]   GET    /api/pricing/quote
[2026-04-17T19:36:37.386Z] [INFO]   GET    /api/pricing/all
[2026-04-17T19:36:37.386Z] [INFO] ─────────────────────────────────────────────────────
[2026-04-17T19:37:49.064Z] [INFO] SIGINT received, shutting down...
[2026-04-17T19:37:51.758Z] [INFO] Starting Car Rental Backend...
[2026-04-17T19:37:54.166Z] [INFO] Server running on http://localhost:5000
[2026-04-17T19:37:54.167Z] [INFO] Environment: development
[2026-04-17T19:37:54.167Z] [INFO] Blockchain: unknown (chainId: 31337)
[2026-04-17T19:37:54.168Z] [INFO] Contract: 0x5FC8d32690cc91D4c39d9d3abcBD16989F875707
[2026-04-17T19:37:54.168Z] [INFO] ─── API Routes ───────────────────────────────────────
[2026-04-17T19:37:54.168Z] [INFO]   GET    /health
[2026-04-17T19:37:54.169Z] [INFO]   GET    /api/status
[2026-04-17T19:37:54.169Z] [INFO]   ── Cars ──
[2026-04-17T19:37:54.169Z] [INFO]   GET    /api/cars
[2026-04-17T19:37:54.170Z] [INFO]   GET    /api/cars/:id/quote
[2026-04-17T19:37:54.170Z] [INFO]   GET    /api/cars/prices
[2026-04-17T19:37:54.171Z] [INFO]   ── Reservations ──
[2026-04-17T19:37:54.171Z] [INFO]   POST   /api/reservations
[2026-04-17T19:37:54.172Z] [INFO]   PATCH  /api/reservations/:id/confirm
[2026-04-17T19:37:54.172Z] [INFO]   DELETE /api/reservations/:id
[2026-04-17T19:37:54.173Z] [INFO]   GET    /api/reservations/chain
[2026-04-17T19:37:54.173Z] [INFO]   ── Contract (direct chain calls) ──
[2026-04-17T19:37:54.174Z] [INFO]   GET    /api/contract/info
[2026-04-17T19:37:54.174Z] [INFO]   GET    /api/contract/count
[2026-04-17T19:37:54.175Z] [INFO]   GET    /api/contract/reservation/:id
[2026-04-17T19:37:54.175Z] [INFO]   POST   /api/contract/book
[2026-04-17T19:37:54.175Z] [INFO]   POST   /api/contract/confirm/:id
[2026-04-17T19:37:54.176Z] [INFO]   POST   /api/contract/cancel/:id
[2026-04-17T19:37:54.176Z] [INFO]   ── Blockchain ──
[2026-04-17T19:37:54.176Z] [INFO]   GET    /api/blockchain/status
[2026-04-17T19:37:54.177Z] [INFO]   GET    /api/blockchain/balance/:address
[2026-04-17T19:37:54.177Z] [INFO]   GET    /api/blockchain/tx/:hash
[2026-04-17T19:37:54.177Z] [INFO]   GET    /api/blockchain/events
[2026-04-17T19:37:54.178Z] [INFO]   ── Wallet ──
[2026-04-17T19:37:54.178Z] [INFO]   GET    /api/wallet/:address/balance
[2026-04-17T19:37:54.179Z] [INFO]   GET    /api/wallet/:address/nonce
[2026-04-17T19:37:54.179Z] [INFO]   GET    /api/wallet/:address/history
[2026-04-17T19:37:54.179Z] [INFO]   POST   /api/wallet/validate
[2026-04-17T19:37:54.179Z] [INFO]   POST   /api/wallet/estimate-transfer
[2026-04-17T19:37:54.180Z] [INFO]   ── Gas ──
[2026-04-17T19:37:54.180Z] [INFO]   GET    /api/gas/price
[2026-04-17T19:37:54.180Z] [INFO]   POST   /api/gas/estimate
[2026-04-17T19:37:54.180Z] [INFO]   POST   /api/gas/estimate/batch
[2026-04-17T19:37:54.181Z] [INFO]   ── Payments ──
[2026-04-17T19:37:54.181Z] [INFO]   POST   /api/payments/verify
[2026-04-17T19:37:54.181Z] [INFO]   GET    /api/payments/revenue
[2026-04-17T19:37:54.182Z] [INFO]   GET    /api/payments/reservation/:id
[2026-04-17T19:37:54.182Z] [INFO]   GET    /api/payments/fee
[2026-04-17T19:37:54.182Z] [INFO]   GET    /api/payments/contract-balance
[2026-04-17T19:37:54.182Z] [INFO]   GET    /api/payments/chain/:reservationId
[2026-04-17T19:37:54.183Z] [INFO]   POST   /api/payments/fee
[2026-04-17T19:37:54.183Z] [INFO]   POST   /api/payments/withdraw
[2026-04-17T19:37:54.183Z] [INFO]   ── Disputes ──
[2026-04-17T19:37:54.184Z] [INFO]   POST   /api/disputes/:reservationId/raise
[2026-04-17T19:37:54.184Z] [INFO]   POST   /api/disputes/:reservationId/resolve
[2026-04-17T19:37:54.184Z] [INFO]   GET    /api/disputes/:reservationId
[2026-04-17T19:37:54.185Z] [INFO]   ── Events ──
[2026-04-17T19:37:54.185Z] [INFO]   GET    /api/events
[2026-04-17T19:37:54.185Z] [INFO]   GET    /api/events/latest
[2026-04-17T19:37:54.186Z] [INFO]   GET    /api/events/types
[2026-04-17T19:37:54.186Z] [INFO]   GET    /api/events/query
[2026-04-17T19:37:54.186Z] [INFO]   ── Notifications (SSE) ──
[2026-04-17T19:37:54.186Z] [INFO]   GET    /api/notifications/subscribe/:address
[2026-04-17T19:37:54.187Z] [INFO]   GET    /api/notifications/stats
[2026-04-17T19:37:54.187Z] [INFO]   ── Users ──
[2026-04-17T19:37:54.187Z] [INFO]   POST   /api/users/auth
[2026-04-17T19:37:54.188Z] [INFO]   GET    /api/users/:address
[2026-04-17T19:37:54.188Z] [INFO]   ── Analytics ──
[2026-04-17T19:37:54.188Z] [INFO]   GET    /api/analytics
[2026-04-17T19:37:54.189Z] [INFO]   GET    /api/analytics/cars
[2026-04-17T19:37:54.189Z] [INFO]   ── Pricing ──
[2026-04-17T19:37:54.189Z] [INFO]   GET    /api/pricing/quote
[2026-04-17T19:37:54.189Z] [INFO]   GET    /api/pricing/all
[2026-04-17T19:37:54.190Z] [INFO] ─────────────────────────────────────────────────────
[2026-04-17T19:38:02.009Z] [INFO] Direct chain booking executed {"success":true,"txHash":"0x6fc3ee4bcfa251327c1f33268abf0c6fab8cf59d4bc98974a182262a9e3d9c02","blockNumber":8,"gasUsed":"191454"}
[2026-04-17T19:44:36.273Z] [INFO] Direct chain booking executed {"success":true,"txHash":"0xa64fd08b01d6461a25722750de459787d9477bff2457b9195c6af82049098515","blockNumber":14,"gasUsed":"157254"}
[2026-04-17T19:44:36.773Z] [ERROR] raiseDispute error {"error":"cannot estimate gas; transaction may fail or may require manual gas limit [ See: https://links.ethers.org/v5-errors-UNPREDICTABLE_GAS_LIMIT ] (error={\"reason\":\"Error: VM Exception while processing transaction: reverted with reason string 'Invalid reservation ID'\",\"code\":\"UNPREDICTABLE_GAS_LIMIT\",\"method\":\"estimateGas\",\"transaction\":{\"from\":\"0xf39Fd6e51aad88F6F4ce6aB8827279cffFb92266\",\"maxPriorityFeePerGas\":{\"type\":\"BigNumber\",\"hex\":\"0x59682f00\"},\"maxFeePerGas\":{\"type\":\"BigNumber\",\"hex\":\"0x648de9ce\"},\"to\":\"0x5FC8d32690cc91D4c39d9d3abcBD16989F875707\",\"data\":\"0x5aef573c0000000000000000000000000000000000000000000000000000000000000063000000000000000000000000000000000000000000000000000000000000004000000000000000000000000000000000000000000000000000000000000000047465737400000000000000000000000000000000000000000000000000000000\",\"type\":2,\"accessList\":null},\"error\":{\"reason\":\"processing response error\",\"code\":\"SERVER_ERROR\",\"body\":\"{\\\"jsonrpc\\\":\\\"2.0\\\",\\\"id\\\":500,\\\"error\\\":{\\\"code\\\":-32603,\\\"message\\\":\\\"Error: VM Exception while processing transaction: reverted with reason string 'Invalid reservation ID'\\\",\\\"data\\\":{\\\"message\\\":\\\"Error: VM Exception while processing transaction: reverted with reason string 'Invalid reservation ID'\\\",\\\"data\\\":\\\"0x08c379a000000000000000000000000000000000000000000000000000000000000000200000000000000000000000000000000000000000000000000000000000000016496e76616c6964207265736572766174696f6e20494400000000000000000000\\\"}}}\",\"error\":{\"code\":-32603,\"data\":{\"message\":\"Error: VM Exception while processing transaction: reverted with reason string 'Invalid reservation ID'\",\"data\":\"0x08c379a000000000000000000000000000000000000000000000000000000000000000200000000000000000000000000000000000000000000000000000000000000016496e76616c6964207265736572766174696f6e20494400000000000000000000\"}},\"requestBody\":\"{\\\"method\\\":\\\"eth_estimateGas\\\",\\\"params\\\":[{\\\"type\\\":\\\"0x2\\\",\\\"maxFeePerGas\\\":\\\"0x648de9ce\\\",\\\"maxPriorityFeePerGas\\\":\\\"0x59682f00\\\",\\\"from\\\":\\\"0xf39fd6e51aad88f6f4ce6ab8827279cfffb92266\\\",\\\"to\\\":\\\"0x5fc8d32690cc91d4c39d9d3abcbd16989f875707\\\",\\\"data\\\":\\\"0x5aef573c0000000000000000000000000000000000000000000000000000000000000063000000000000000000000000000000000000000000000000000000000000004000000000000000000000000000000000000000000000000000000000000000047465737400000000000000000000000000000000000000000000000000000000\\\"}],\\\"id\\\":500,\\\"jsonrpc\\\":\\\"2.0\\\"}\",\"requestMethod\":\"POST\",\"url\":\"http://127.0.0.1:8545\"}}, tx={\"data\":\"0x5aef573c0000000000000000000000000000000000000000000000000000000000000063000000000000000000000000000000000000000000000000000000000000004000000000000000000000000000000000000000000000000000000000000000047465737400000000000000000000000000000000000000000000000000000000\",\"to\":{},\"from\":\"0xf39Fd6e51aad88F6F4ce6aB8827279cffFb92266\",\"type\":2,\"maxFeePerGas\":{\"type\":\"BigNumber\",\"hex\":\"0x648de9ce\"},\"maxPriorityFeePerGas\":{\"type\":\"BigNumber\",\"hex\":\"0x59682f00\"},\"nonce\":{},\"gasLimit\":{},\"chainId\":{}}, code=UNPREDICTABLE_GAS_LIMIT, version=abstract-signer/5.8.0)"}
[2026-04-17T19:44:36.833Z] [ERROR] resolveDispute error {"error":"cannot estimate gas; transaction may fail or may require manual gas limit [ See: https://links.ethers.org/v5-errors-UNPREDICTABLE_GAS_LIMIT ] (error={\"reason\":\"Error: VM Exception while processing transaction: reverted with reason string 'No active dispute'\",\"code\":\"UNPREDICTABLE_GAS_LIMIT\",\"method\":\"estimateGas\",\"transaction\":{\"from\":\"0xf39Fd6e51aad88F6F4ce6aB8827279cffFb92266\",\"maxPriorityFeePerGas\":{\"type\":\"BigNumber\",\"hex\":\"0x59682f00\"},\"maxFeePerGas\":{\"type\":\"BigNumber\",\"hex\":\"0x648de9ce\"},\"to\":\"0x5FC8d32690cc91D4c39d9d3abcBD16989F875707\",\"data\":\"0x34b25ee200000000000000000000000000000000000000000000000000000000000000630000000000000000000000000000000000000000000000000000000000000000\",\"type\":2,\"accessList\":null},\"error\":{\"reason\":\"processing response error\",\"code\":\"SERVER_ERROR\",\"body\":\"{\\\"jsonrpc\\\":\\\"2.0\\\",\\\"id\\\":507,\\\"error\\\":{\\\"code\\\":-32603,\\\"message\\\":\\\"Error: VM Exception while processing transaction: reverted with reason string 'No active dispute'\\\",\\\"data\\\":{\\\"message\\\":\\\"Error: VM Exception while processing transaction: reverted with reason string 'No active dispute'\\\",\\\"data\\\":\\\"0x08c379a0000000000000000000000000000000000000000000000000000000000000002000000000000000000000000000000000000000000000000000000000000000114e6f206163746976652064697370757465000000000000000000000000000000\\\"}}}\",\"error\":{\"code\":-32603,\"data\":{\"message\":\"Error: VM Exception while processing transaction: reverted with reason string 'No active dispute'\",\"data\":\"0x08c379a0000000000000000000000000000000000000000000000000000000000000002000000000000000000000000000000000000000000000000000000000000000114e6f206163746976652064697370757465000000000000000000000000000000\"}},\"requestBody\":\"{\\\"method\\\":\\\"eth_estimateGas\\\",\\\"params\\\":[{\\\"type\\\":\\\"0x2\\\",\\\"maxFeePerGas\\\":\\\"0x648de9ce\\\",\\\"maxPriorityFeePerGas\\\":\\\"0x59682f00\\\",\\\"from\\\":\\\"0xf39fd6e51aad88f6f4ce6ab8827279cfffb92266\\\",\\\"to\\\":\\\"0x5fc8d32690cc91d4c39d9d3abcbd16989f875707\\\",\\\"data\\\":\\\"0x34b25ee200000000000000000000000000000000000000000000000000000000000000630000000000000000000000000000000000000000000000000000000000000000\\\"}],\\\"id\\\":507,\\\"jsonrpc\\\":\\\"2.0\\\"}\",\"requestMethod\":\"POST\",\"url\":\"http://127.0.0.1:8545\"}}, tx={\"data\":\"0x34b25ee200000000000000000000000000000000000000000000000000000000000000630000000000000000000000000000000000000000000000000000000000000000\",\"to\":{},\"from\":\"0xf39Fd6e51aad88F6F4ce6aB8827279cffFb92266\",\"type\":2,\"maxFeePerGas\":{\"type\":\"BigNumber\",\"hex\":\"0x648de9ce\"},\"maxPriorityFeePerGas\":{\"type\":\"BigNumber\",\"hex\":\"0x59682f00\"},\"nonce\":{},\"gasLimit\":{},\"chainId\":{}}, code=UNPREDICTABLE_GAS_LIMIT, version=abstract-signer/5.8.0)"}
[2026-04-17T19:44:36.880Z] [ERROR] Withdraw error {"error":"cannot estimate gas; transaction may fail or may require manual gas limit [ See: https://links.ethers.org/v5-errors-UNPREDICTABLE_GAS_LIMIT ] (error={\"reason\":\"Error: VM Exception while processing transaction: reverted with reason string 'Nothing to withdraw'\",\"code\":\"UNPREDICTABLE_GAS_LIMIT\",\"method\":\"estimateGas\",\"transaction\":{\"from\":\"0xf39Fd6e51aad88F6F4ce6aB8827279cffFb92266\",\"maxPriorityFeePerGas\":{\"type\":\"BigNumber\",\"hex\":\"0x59682f00\"},\"maxFeePerGas\":{\"type\":\"BigNumber\",\"hex\":\"0x648de9ce\"},\"to\":\"0x5FC8d32690cc91D4c39d9d3abcBD16989F875707\",\"data\":\"0x3ccfd60b\",\"type\":2,\"accessList\":null},\"error\":{\"reason\":\"processing response error\",\"code\":\"SERVER_ERROR\",\"body\":\"{\\\"jsonrpc\\\":\\\"2.0\\\",\\\"id\\\":514,\\\"error\\\":{\\\"code\\\":-32603,\\\"message\\\":\\\"Error: VM Exception while processing transaction: reverted with reason string 'Nothing to withdraw'\\\",\\\"data\\\":{\\\"message\\\":\\\"Error: VM Exception while processing transaction: reverted with reason string 'Nothing to withdraw'\\\",\\\"data\\\":\\\"0x08c379a0000000000000000000000000000000000000000000000000000000000000002000000000000000000000000000000000000000000000000000000000000000134e6f7468696e6720746f20776974686472617700000000000000000000000000\\\"}}}\",\"error\":{\"code\":-32603,\"data\":{\"message\":\"Error: VM Exception while processing transaction: reverted with reason string 'Nothing to withdraw'\",\"data\":\"0x08c379a0000000000000000000000000000000000000000000000000000000000000002000000000000000000000000000000000000000000000000000000000000000134e6f7468696e6720746f20776974686472617700000000000000000000000000\"}},\"requestBody\":\"{\\\"method\\\":\\\"eth_estimateGas\\\",\\\"params\\\":[{\\\"type\\\":\\\"0x2\\\",\\\"maxFeePerGas\\\":\\\"0x648de9ce\\\",\\\"maxPriorityFeePerGas\\\":\\\"0x59682f00\\\",\\\"from\\\":\\\"0xf39fd6e51aad88f6f4ce6ab8827279cfffb92266\\\",\\\"to\\\":\\\"0x5fc8d32690cc91d4c39d9d3abcbd16989f875707\\\",\\\"data\\\":\\\"0x3ccfd60b\\\"}],\\\"id\\\":514,\\\"jsonrpc\\\":\\\"2.0\\\"}\",\"requestMethod\":\"POST\",\"url\":\"http://127.0.0.1:8545\"}}, tx={\"data\":\"0x3ccfd60b\",\"to\":{},\"from\":\"0xf39Fd6e51aad88F6F4ce6aB8827279cffFb92266\",\"type\":2,\"maxFeePerGas\":{\"type\":\"BigNumber\",\"hex\":\"0x648de9ce\"},\"maxPriorityFeePerGas\":{\"type\":\"BigNumber\",\"hex\":\"0x59682f00\"},\"nonce\":{},\"gasLimit\":{},\"chainId\":{}}, code=UNPREDICTABLE_GAS_LIMIT, version=abstract-signer/5.8.0)"}
[2026-04-17T19:46:00.942Z] [INFO] Direct chain booking executed {"success":true,"txHash":"0x77dded67b9e1b674473200e751625de7bc07ef11c4ead798975607f18564c629","blockNumber":20,"gasUsed":"157254"}
[2026-04-17T19:46:01.410Z] [ERROR] raiseDispute error {"error":"cannot estimate gas; transaction may fail or may require manual gas limit [ See: https://links.ethers.org/v5-errors-UNPREDICTABLE_GAS_LIMIT ] (error={\"reason\":\"Error: VM Exception while processing transaction: reverted with reason string 'Invalid reservation ID'\",\"code\":\"UNPREDICTABLE_GAS_LIMIT\",\"method\":\"estimateGas\",\"transaction\":{\"from\":\"0xf39Fd6e51aad88F6F4ce6aB8827279cffFb92266\",\"maxPriorityFeePerGas\":{\"type\":\"BigNumber\",\"hex\":\"0x59682f00\"},\"maxFeePerGas\":{\"type\":\"BigNumber\",\"hex\":\"0x5e6af56e\"},\"to\":\"0x5FC8d32690cc91D4c39d9d3abcBD16989F875707\",\"data\":\"0x5aef573c0000000000000000000000000000000000000000000000000000000000000063000000000000000000000000000000000000000000000000000000000000004000000000000000000000000000000000000000000000000000000000000000047465737400000000000000000000000000000000000000000000000000000000\",\"type\":2,\"accessList\":null},\"error\":{\"reason\":\"processing response error\",\"code\":\"SERVER_ERROR\",\"body\":\"{\\\"jsonrpc\\\":\\\"2.0\\\",\\\"id\\\":661,\\\"error\\\":{\\\"code\\\":-32603,\\\"message\\\":\\\"Error: VM Exception while processing transaction: reverted with reason string 'Invalid reservation ID'\\\",\\\"data\\\":{\\\"message\\\":\\\"Error: VM Exception while processing transaction: reverted with reason string 'Invalid reservation ID'\\\",\\\"data\\\":\\\"0x08c379a000000000000000000000000000000000000000000000000000000000000000200000000000000000000000000000000000000000000000000000000000000016496e76616c6964207265736572766174696f6e20494400000000000000000000\\\"}}}\",\"error\":{\"code\":-32603,\"data\":{\"message\":\"Error: VM Exception while processing transaction: reverted with reason string 'Invalid reservation ID'\",\"data\":\"0x08c379a000000000000000000000000000000000000000000000000000000000000000200000000000000000000000000000000000000000000000000000000000000016496e76616c6964207265736572766174696f6e20494400000000000000000000\"}},\"requestBody\":\"{\\\"method\\\":\\\"eth_estimateGas\\\",\\\"params\\\":[{\\\"type\\\":\\\"0x2\\\",\\\"maxFeePerGas\\\":\\\"0x5e6af56e\\\",\\\"maxPriorityFeePerGas\\\":\\\"0x59682f00\\\",\\\"from\\\":\\\"0xf39fd6e51aad88f6f4ce6ab8827279cfffb92266\\\",\\\"to\\\":\\\"0x5fc8d32690cc91d4c39d9d3abcbd16989f875707\\\",\\\"data\\\":\\\"0x5aef573c0000000000000000000000000000000000000000000000000000000000000063000000000000000000000000000000000000000000000000000000000000004000000000000000000000000000000000000000000000000000000000000000047465737400000000000000000000000000000000000000000000000000000000\\\"}],\\\"id\\\":661,\\\"jsonrpc\\\":\\\"2.0\\\"}\",\"requestMethod\":\"POST\",\"url\":\"http://127.0.0.1:8545\"}}, tx={\"data\":\"0x5aef573c0000000000000000000000000000000000000000000000000000000000000063000000000000000000000000000000000000000000000000000000000000004000000000000000000000000000000000000000000000000000000000000000047465737400000000000000000000000000000000000000000000000000000000\",\"to\":{},\"from\":\"0xf39Fd6e51aad88F6F4ce6aB8827279cffFb92266\",\"type\":2,\"maxFeePerGas\":{\"type\":\"BigNumber\",\"hex\":\"0x5e6af56e\"},\"maxPriorityFeePerGas\":{\"type\":\"BigNumber\",\"hex\":\"0x59682f00\"},\"nonce\":{},\"gasLimit\":{},\"chainId\":{}}, code=UNPREDICTABLE_GAS_LIMIT, version=abstract-signer/5.8.0)"}
[2026-04-17T19:46:01.456Z] [ERROR] resolveDispute error {"error":"cannot estimate gas; transaction may fail or may require manual gas limit [ See: https://links.ethers.org/v5-errors-UNPREDICTABLE_GAS_LIMIT ] (error={\"reason\":\"Error: VM Exception while processing transaction: reverted with reason string 'No active dispute'\",\"code\":\"UNPREDICTABLE_GAS_LIMIT\",\"method\":\"estimateGas\",\"transaction\":{\"from\":\"0xf39Fd6e51aad88F6F4ce6aB8827279cffFb92266\",\"maxPriorityFeePerGas\":{\"type\":\"BigNumber\",\"hex\":\"0x59682f00\"},\"maxFeePerGas\":{\"type\":\"BigNumber\",\"hex\":\"0x5e6af56e\"},\"to\":\"0x5FC8d32690cc91D4c39d9d3abcBD16989F875707\",\"data\":\"0x34b25ee200000000000000000000000000000000000000000000000000000000000000630000000000000000000000000000000000000000000000000000000000000000\",\"type\":2,\"accessList\":null},\"error\":{\"reason\":\"processing response error\",\"code\":\"SERVER_ERROR\",\"body\":\"{\\\"jsonrpc\\\":\\\"2.0\\\",\\\"id\\\":668,\\\"error\\\":{\\\"code\\\":-32603,\\\"message\\\":\\\"Error: VM Exception while processing transaction: reverted with reason string 'No active dispute'\\\",\\\"data\\\":{\\\"message\\\":\\\"Error: VM Exception while processing transaction: reverted with reason string 'No active dispute'\\\",\\\"data\\\":\\\"0x08c379a0000000000000000000000000000000000000000000000000000000000000002000000000000000000000000000000000000000000000000000000000000000114e6f206163746976652064697370757465000000000000000000000000000000\\\"}}}\",\"error\":{\"code\":-32603,\"data\":{\"message\":\"Error: VM Exception while processing transaction: reverted with reason string 'No active dispute'\",\"data\":\"0x08c379a0000000000000000000000000000000000000000000000000000000000000002000000000000000000000000000000000000000000000000000000000000000114e6f206163746976652064697370757465000000000000000000000000000000\"}},\"requestBody\":\"{\\\"method\\\":\\\"eth_estimateGas\\\",\\\"params\\\":[{\\\"type\\\":\\\"0x2\\\",\\\"maxFeePerGas\\\":\\\"0x5e6af56e\\\",\\\"maxPriorityFeePerGas\\\":\\\"0x59682f00\\\",\\\"from\\\":\\\"0xf39fd6e51aad88f6f4ce6ab8827279cfffb92266\\\",\\\"to\\\":\\\"0x5fc8d32690cc91d4c39d9d3abcbd16989f875707\\\",\\\"data\\\":\\\"0x34b25ee200000000000000000000000000000000000000000000000000000000000000630000000000000000000000000000000000000000000000000000000000000000\\\"}],\\\"id\\\":668,\\\"jsonrpc\\\":\\\"2.0\\\"}\",\"requestMethod\":\"POST\",\"url\":\"http://127.0.0.1:8545\"}}, tx={\"data\":\"0x34b25ee200000000000000000000000000000000000000000000000000000000000000630000000000000000000000000000000000000000000000000000000000000000\",\"to\":{},\"from\":\"0xf39Fd6e51aad88F6F4ce6aB8827279cffFb92266\",\"type\":2,\"maxFeePerGas\":{\"type\":\"BigNumber\",\"hex\":\"0x5e6af56e\"},\"maxPriorityFeePerGas\":{\"type\":\"BigNumber\",\"hex\":\"0x59682f00\"},\"nonce\":{},\"gasLimit\":{},\"chainId\":{}}, code=UNPREDICTABLE_GAS_LIMIT, version=abstract-signer/5.8.0)"}
[2026-04-17T19:46:01.503Z] [ERROR] Withdraw error {"error":"cannot estimate gas; transaction may fail or may require manual gas limit [ See: https://links.ethers.org/v5-errors-UNPREDICTABLE_GAS_LIMIT ] (error={\"reason\":\"Error: VM Exception while processing transaction: reverted with reason string 'Nothing to withdraw'\",\"code\":\"UNPREDICTABLE_GAS_LIMIT\",\"method\":\"estimateGas\",\"transaction\":{\"from\":\"0xf39Fd6e51aad88F6F4ce6aB8827279cffFb92266\",\"maxPriorityFeePerGas\":{\"type\":\"BigNumber\",\"hex\":\"0x59682f00\"},\"maxFeePerGas\":{\"type\":\"BigNumber\",\"hex\":\"0x5e6af56e\"},\"to\":\"0x5FC8d32690cc91D4c39d9d3abcBD16989F875707\",\"data\":\"0x3ccfd60b\",\"type\":2,\"accessList\":null},\"error\":{\"reason\":\"processing response error\",\"code\":\"SERVER_ERROR\",\"body\":\"{\\\"jsonrpc\\\":\\\"2.0\\\",\\\"id\\\":675,\\\"error\\\":{\\\"code\\\":-32603,\\\"message\\\":\\\"Error: VM Exception while processing transaction: reverted with reason string 'Nothing to withdraw'\\\",\\\"data\\\":{\\\"message\\\":\\\"Error: VM Exception while processing transaction: reverted with reason string 'Nothing to withdraw'\\\",\\\"data\\\":\\\"0x08c379a0000000000000000000000000000000000000000000000000000000000000002000000000000000000000000000000000000000000000000000000000000000134e6f7468696e6720746f20776974686472617700000000000000000000000000\\\"}}}\",\"error\":{\"code\":-32603,\"data\":{\"message\":\"Error: VM Exception while processing transaction: reverted with reason string 'Nothing to withdraw'\",\"data\":\"0x08c379a0000000000000000000000000000000000000000000000000000000000000002000000000000000000000000000000000000000000000000000000000000000134e6f7468696e6720746f20776974686472617700000000000000000000000000\"}},\"requestBody\":\"{\\\"method\\\":\\\"eth_estimateGas\\\",\\\"params\\\":[{\\\"type\\\":\\\"0x2\\\",\\\"maxFeePerGas\\\":\\\"0x5e6af56e\\\",\\\"maxPriorityFeePerGas\\\":\\\"0x59682f00\\\",\\\"from\\\":\\\"0xf39fd6e51aad88f6f4ce6ab8827279cfffb92266\\\",\\\"to\\\":\\\"0x5fc8d32690cc91d4c39d9d3abcbd16989f875707\\\",\\\"data\\\":\\\"0x3ccfd60b\\\"}],\\\"id\\\":675,\\\"jsonrpc\\\":\\\"2.0\\\"}\",\"requestMethod\":\"POST\",\"url\":\"http://127.0.0.1:8545\"}}, tx={\"data\":\"0x3ccfd60b\",\"to\":{},\"from\":\"0xf39Fd6e51aad88F6F4ce6aB8827279cffFb92266\",\"type\":2,\"maxFeePerGas\":{\"type\":\"BigNumber\",\"hex\":\"0x5e6af56e\"},\"maxPriorityFeePerGas\":{\"type\":\"BigNumber\",\"hex\":\"0x59682f00\"},\"nonce\":{},\"gasLimit\":{},\"chainId\":{}}, code=UNPREDICTABLE_GAS_LIMIT, version=abstract-signer/5.8.0)"}
